<?xml version="1.0" encoding="UTF-8"?>
<!-- Generated by org.testng.reporters.JUnitXMLReporter -->
<testsuite ignored="3" hostname="DSK-7927" failures="0" tests="1" name="Default test" time="21.858" errors="0" timestamp="2023-08-07T17:06:36 IST">
  <testcase classname="com.OrangeHRM.TestCases.HomePagetestClass" name="JobTagValidate" time="2.85"/>
  <testcase classname="com.OrangeHRM.TestCases.HomePagetestClass" name="admBtn" time="0.0">
    <ignored/>
  </testcase> <!-- admBtn -->
  <testcase classname="com.OrangeHRM.TestCases.HomePagetestClass" name="serchBtn" time="0.0">
    <ignored/>
  </testcase> <!-- serchBtn -->
  <testcase classname="com.OrangeHRM.TestCases.HomePagetestClass" name="Logov" time="0.0">
    <ignored/>
  </testcase> <!-- Logov -->
</testsuite> <!-- Default test -->
